#
# A fatal error has been detected by the Java Runtime Environment:
#
#  EXCEPTION_ACCESS_VIOLATION (0xc0000005) at pc=0x00007ffcfa1bb864, pid=16444, tid=8840
#
# JRE version: Java(TM) SE Runtime Environment (25.0.1+8) (build 25.0.1+8-LTS-27)
# Java VM: Java HotSpot(TM) 64-Bit Server VM (25.0.1+8-LTS-27, mixed mode, sharing, tiered, compressed oops, compressed class ptrs, parallel gc, windows-amd64)
# Problematic frame:
# V  [jvm.dll+0x45b864]
#
# No core dump will be written. Minidumps are not enabled by default on client versions of Windows
#
# If you would like to submit a bug report, please visit:
#   https://bugreport.java.com/bugreport/crash.jsp
#

---------------  S U M M A R Y ------------

Command Line: -Djdk.xml.maxGeneralEntitySizeLimit=0 -Djdk.xml.totalEntitySizeLimit=0 --add-modules=ALL-SYSTEM --add-opens=java.base/java.util=ALL-UNNAMED --add-opens=java.base/java.lang=ALL-UNNAMED --add-opens=java.base/sun.nio.fs=ALL-UNNAMED -Declipse.application=org.eclipse.jdt.ls.core.id1 -Dosgi.bundles.defaultStartLevel=4 -Declipse.product=org.eclipse.jdt.ls.core.product -Djava.import.generatesMetadataFilesAtProjectRoot=false -DDetectVMInstallationsJob.disabled=true -Dfile.encoding=utf8 -XX:+UseParallelGC -XX:GCTimeRatio=4 -XX:AdaptiveSizePolicyWeight=90 -Dsun.zip.disableMemoryMapping=true -Xmx2G -Xms100m -Xlog:disable -javaagent:c:\Users\super\.vscode\extensions\redhat.java-1.51.2025121108\lombok\lombok-1.18.39-4050.jar -XX:+HeapDumpOnOutOfMemoryError -XX:HeapDumpPath=c:\Users\super\AppData\Roaming\Code\User\workspaceStorage\8220830deb191eba0b3659063643a7bc\redhat.java -Daether.dependencyCollector.impl=bf -XX:+UnlockDiagnosticVMOptions -XX:+AllowArchivingWithJavaAgent -XX:+AutoCreateSharedArchive -XX:SharedArchiveFile=c:\Users\super\AppData\Roaming\Code\User\globalStorage\redhat.java\1.51.2025121108\jdtls.jsa c:\Users\super\.vscode\extensions\redhat.java-1.51.2025121108\server\plugins\org.eclipse.equinox.launcher_1.7.100.v20251111-0406.jar -configuration c:\Users\super\AppData\Roaming\Code\User\globalStorage\redhat.java\1.51.2025121108\config_win -data c:\Users\super\AppData\Roaming\Code\User\workspaceStorage\8220830deb191eba0b3659063643a7bc\redhat.java\jdt_ws --pipe=\\.\pipe\lsp-d0eaf669e89dd1eb871b788709b361b7-sock

Host: 11th Gen Intel(R) Core(TM) i7-11800H @ 2.30GHz, 16 cores, 15G,  Windows 11 , 64 bit Build 26100 (10.0.26100.7309)
Time: Fri Dec 12 07:59:17 2025 Hora estándar central (México) elapsed time: 67914.835753 seconds (0d 18h 51m 54s)

---------------  T H R E A D  ---------------

Current thread (0x00000222af1bdc30):  VMThread "VM Thread"          [id=8840, stack(0x0000003186900000,0x0000003186a00000) (1024K)]

Stack: [0x0000003186900000,0x0000003186a00000],  sp=0x00000031869fefe0,  free space=1019k
Native frames: (J=compiled Java code, j=interpreted, Vv=VM code, C=native code)
V  [jvm.dll+0x45b864]  (no source info available)
V  [jvm.dll+0x45b8af]  (no source info available)
V  [jvm.dll+0x461316]  (no source info available)
V  [jvm.dll+0x38668a]  (no source info available)
V  [jvm.dll+0x3855c6]  (no source info available)
V  [jvm.dll+0x385a03]  (no source info available)
V  [jvm.dll+0x96f091]  (no source info available)
V  [jvm.dll+0x9703ad]  (no source info available)
V  [jvm.dll+0x970929]  (no source info available)
V  [jvm.dll+0x970bd3]  (no source info available)
V  [jvm.dll+0x906a0d]  (no source info available)
V  [jvm.dll+0x7a5135]  (no source info available)
C  [ucrtbase.dll+0x37b0]  (no source info available)
C  [KERNEL32.DLL+0x2e8d7]  (no source info available)
C  [ntdll.dll+0x8c53c]  (no source info available)


siginfo: EXCEPTION_ACCESS_VIOLATION (0xc0000005), reading address 0x00000000000000e0


Registers:
RAX=0x000000001d183901, RBX=0x0000000000000000, RCX=0x0000000000000000, RDX=0x0000000000000000
RSP=0x00000031869fefe0, RBP=0x00000031869ff0c0, RSI=0x0000000000000001, RDI=0x00000222f6054bb8
R8 =0x00000222acbc7d40, R9 =0x00000000000004fc, R10=0x00000222acbc0000, R11=0x00000031869ff030
R12=0x00007ffcfa82dbd0, R13=0x00007ffcfa83acb8, R14=0x00000222f38ad448, R15=0x00007ffcfa82daf8
RIP=0x00007ffcfa1bb864, EFLAGS=0x0000000000010287

XMM[0]=0x0000000000000000 0x0000000000000000
XMM[1]=0x000000001d21ff00 0x000000001d21fea8
XMM[2]=0x00000222f4b70218 0x000000001d2203d0
XMM[3]=0x00000222f4b703c8 0x000000001d2218a8
XMM[4]=0x000000001d221a60 0x00000222f4b70478
XMM[5]=0x000000001d21ffb0 0x000000001d21ff58
XMM[6]=0x0000000000000000 0x0000000000000000
XMM[7]=0x0000000000000000 0x0000000000000000
XMM[8]=0x0000000000000000 0x404e000000000000
XMM[9]=0x0000000000000000 0x0000000000000000
XMM[10]=0x0000000000000000 0x0000000000000000
XMM[11]=0x0000000000000000 0x0000000000000000
XMM[12]=0x0000000000000000 0x0000000000000000
XMM[13]=0x0000000000000000 0x0000000000000000
XMM[14]=0x0000000000000000 0x0000000000000000
XMM[15]=0x0000000000000000 0x0000000000000000
  MXCSR=0x00001fa0


Register to memory mapping:

RAX=0x000000001d183901 is pointing into metadata
RBX=0x0 is null
RCX=0x0 is null
RDX=0x0 is null
RSP=0x00000031869fefe0 points into unknown readable memory: 0x00000222accb0000 | 00 00 cb ac 22 02 00 00
RBP=0x00000031869ff0c0 points into unknown readable memory: 0x00007ffcfa83acc8 | c8 ac 83 fa fc 7f 00 00
RSI=0x0000000000000001 is an unknown value
RDI=0x00000222f6054bb8 points into unknown readable memory: 0x0000000000000000 | 00 00 00 00 00 00 00 00
R8 =0x00000222acbc7d40 points into unknown readable memory: 0x00000222acbc0e70 | 70 0e bc ac 22 02 00 00
R9 =0x00000000000004fc is an unknown value
R10=0x00000222acbc0000 points into unknown readable memory: 0x0000000000000000 | 00 00 00 00 00 00 00 00
R11=0x00000031869ff030 points into unknown readable memory: 0x00000222f38ad5d8 | d8 d5 8a f3 22 02 00 00
R12=0x00007ffcfa82dbd0 jvm.dll
R13=0x00007ffcfa83acb8 jvm.dll
R14=0x00000222f38ad448 points into unknown readable memory: 0x000000001d010080 | 80 00 01 1d 00 00 00 00
R15=0x00007ffcfa82daf8 jvm.dll

Top of Stack: (sp=0x00000031869fefe0)
0x00000031869fefe0:   00000222accb0000 00007ffc00000000   ...."...........
0x00000031869feff0:   0000022334a8d050 00007ffcfa3c6c36   P..4#...6l<.....
0x00000031869ff000:   00000222f6054bb8 00007ffcfa1bb8af   .K.."...........
0x00000031869ff010:   0000000000000000 0000000000000001   ................
0x00000031869ff020:   00000222f38ad448 00000222af1c01a0   H..."......."...
0x00000031869ff030:   00000222f38ad5d8 00007ffcfa1c1316   ...."...........
0x00000031869ff040:   0000000000000000 00007ffcfa853fe0   .........?......
0x00000031869ff050:   00000222f38ad448 00000031869ff0c0   H...".......1...
0x00000031869ff060:   0000000000001b68 0000000000000000   h...............
0x00000031869ff070:   000000000000036d 00000031866fee10   m.........o.1...
0x00000031869ff080:   00000222f38ad448 00007ffcfa0e668a   H..."....f......
0x00000031869ff090:   0000000000000048 00000222af1c01a0   H..........."...
0x00000031869ff0a0:   0000000000000000 0000000000565fac   ........._V.....
0x00000031869ff0b0:   00000222f38ab4b0 00000043000001d8   ....".......C...
0x00000031869ff0c0:   00007ffcfa83acc8 0000000000000000   ................
0x00000031869ff0d0:   0000000000000000 0000000000000000   ................
0x00000031869ff0e0:   00000000000003d8 0000000000000000   ................
0x00000031869ff0f0:   000000001e8f3090 00000031866fee10   .0........o.1...
0x00000031869ff100:   0000000000017f08 00007ffcfa7f7360   ........`s......
0x00000031869ff110:   0000000000002fe1 00007ffcfa0e55c6   ./.......U......
0x00000031869ff120:   00007ffc0000036d 0000000000001b68   m.......h.......
0x00000031869ff130:   00000222af1c01a0 00007ffcfaad8ce8   ...."...........
0x00000031869ff140:   0000000000000000 0000000000000000   ................
0x00000031869ff150:   00000000000000a9 0000000000000000   ................
0x00000031869ff160:   0000000000000000 00007ffcfa6dd693   ..........m.....
0x00000031869ff170:   00007ffcfaa538a0 0000003189ff0100   .8..........1...
0x00000031869ff180:   0000928dc6c7f948 00007ffd9fdcee84   H...............
0x00000031869ff190:   0000000000000000 00007ffcfa5010bf   ..........P.....
0x00000031869ff1a0:   000000000000002c 00007ffcfa6dd563   ,.......c.m.....
0x00000031869ff1b0:   00000000000003e8 00007ffcfa669c10   ..........f.....
0x00000031869ff1c0:   00000222af1b4c60 00000222af1b5050   `L.."...PP.."...
0x00000031869ff1d0:   00007ffcfab01b70 00007ffcfa7f7360   p.......`s......

Instructions: (pc=0x00007ffcfa1bb864)
  0x00007ffcfa1bb764:   7e 20 74 0c 4d 89 66 18 4d 89 7e 20 4d 89 6e 28
  0x00007ffcfa1bb774:   4c 8b b4 24 08 01 00 00 4c 8b ac 24 10 01 00 00
  0x00007ffcfa1bb784:   4c 8b a4 24 18 01 00 00 4c 8b bc 24 00 01 00 00
  0x00007ffcfa1bb794:   48 83 7c 24 40 00 74 55 48 8b 9f b0 06 00 00 48
  0x00007ffcfa1bb7a4:   8d 44 24 58 33 c9 48 89 45 a8 48 8d 45 99 48 89
  0x00007ffcfa1bb7b4:   4d c8 89 4d b8 4c 8d 44 24 50 88 4d c0 48 8d 54
  0x00007ffcfa1bb7c4:   24 40 4c 8b cf 48 89 45 b0 48 8d 4c 24 30 48 89
  0x00007ffcfa1bb7d4:   b7 b0 06 00 00 c7 45 bc 08 00 00 00 c6 44 24 30
  0x00007ffcfa1bb7e4:   0e e8 66 f8 01 00 48 89 9f b0 06 00 00 48 8d 4c
  0x00007ffcfa1bb7f4:   24 40 e8 05 eb fd ff 48 8b 9c 24 50 01 00 00 48
  0x00007ffcfa1bb804:   8b 4d f0 48 33 cc e8 c1 c5 58 00 48 81 c4 20 01
  0x00007ffcfa1bb814:   00 00 5f 5e 5d c3 cc cc cc cc cc cc 0f b7 41 0e
  0x00007ffcfa1bb824:   66 c1 e8 09 a8 01 74 03 32 c0 c3 e9 6c 9b 20 00
  0x00007ffcfa1bb834:   cc cc cc cc cc cc cc cc cc cc cc cc 48 89 5c 24
  0x00007ffcfa1bb844:   08 48 89 74 24 10 57 48 83 ec 20 48 3b 0d 6a ed
  0x00007ffcfa1bb854:   8d 00 48 8b d9 73 09 48 3b 0d 56 ed 8d 00 73 5b
=>0x00007ffcfa1bb864:   48 8b 81 e0 00 00 00 66 83 78 30 32 72 5f 48 8b
  0x00007ffcfa1bb874:   01 ff 50 78 48 85 c0 74 15 48 8b 03 48 8b cb ff
  0x00007ffcfa1bb884:   50 78 48 8b c8 e8 b2 ff ff ff 84 c0 74 3f 48 8b
  0x00007ffcfa1bb894:   bb a0 01 00 00 48 63 37 48 85 f6 7e 1e 33 db 48
  0x00007ffcfa1bb8a4:   83 c7 08 48 8b 0f e8 91 ff ff ff 84 c0 74 1e 48
  0x00007ffcfa1bb8b4:   ff c3 48 83 c7 08 48 3b de 7c e8 b0 01 48 8b 5c
  0x00007ffcfa1bb8c4:   24 30 48 8b 74 24 38 48 83 c4 20 5f c3 48 8b 5c
  0x00007ffcfa1bb8d4:   24 30 32 c0 48 8b 74 24 38 48 83 c4 20 5f c3 cc
  0x00007ffcfa1bb8e4:   cc cc cc cc cc cc cc cc cc cc cc cc 4c 89 44 24
  0x00007ffcfa1bb8f4:   18 53 56 57 48 83 ec 70 48 3b 15 0d 53 8e 00 49
  0x00007ffcfa1bb904:   8b f0 48 8b fa 48 8b d9 0f 84 88 02 00 00 48 8b
  0x00007ffcfa1bb914:   4a 08 48 85 c9 0f 84 7b 02 00 00 ff 15 fb e6 87
  0x00007ffcfa1bb924:   00 48 85 c0 0f 84 6c 02 00 00 48 8b cf e8 2a b9
  0x00007ffcfa1bb934:   e3 ff 84 c0 0f 85 5c 02 00 00 48 85 db 0f 84 53
  0x00007ffcfa1bb944:   02 00 00 66 83 7b 04 05 0f 82 48 02 00 00 48 8b
  0x00007ffcfa1bb954:   b6 a8 03 00 00 48 8b cb 0f b6 43 0a 0a 43 09 0a


Stack slot to memory mapping:

stack at sp + 0 slots: 0x00000222accb0000 points into unknown readable memory: 0x0000000000000000 | 00 00 00 00 00 00 00 00
stack at sp + 1 slots: 0x00007ffc00000000 is an unknown value
stack at sp + 2 slots: 0x0000022334a8d050 points into unknown readable memory: 0x00007ffd9a7735b0 | b0 35 77 9a fd 7f 00 00
stack at sp + 3 slots: 0x00007ffcfa3c6c36 jvm.dll
stack at sp + 4 slots: 0x00000222f6054bb8 points into unknown readable memory: 0x0000000000000000 | 00 00 00 00 00 00 00 00
stack at sp + 5 slots: 0x00007ffcfa1bb8af jvm.dll
stack at sp + 6 slots: 0x0 is null
stack at sp + 7 slots: 0x0000000000000001 is an unknown value

VM_Operation (0x00000031866fee00): PopulateDumpSharedSpace, mode: safepoint, requested by thread 0x00000222af110650


---------------  P R O C E S S  ---------------

Threads class SMR info:
_java_thread_list=0x00000222d672b690, length=46, elements={
0x00000222af110650, 0x00000222c8d1ffa0, 0x00000222c8d29710, 0x00000222c8d2ca10,
0x00000222c8d2f680, 0x00000222c8d30fa0, 0x00000222c8d33770, 0x00000222af120920,
0x00000222af122960, 0x00000222cf9add20, 0x00000222cfa57500, 0x00000222d165de60,
0x00000222d2056990, 0x00000222d205b7b0, 0x00000222d2059870, 0x00000222d20590a0,
0x00000222d205a040, 0x00000222d205a810, 0x00000222d205afe0, 0x00000222d3140980,
0x00000222d31428c0, 0x00000222d3143090, 0x00000222d3141150, 0x00000222d3143860,
0x00000222d31401b0, 0x00000222d3144fd0, 0x00000222d3144030, 0x00000222d3141920,
0x00000222d3144800, 0x00000222d2786700, 0x00000222d2227310, 0x00000222d22282b0,
0x00000222d4a0bcb0, 0x00000222d5eced50, 0x00000222d1b24430, 0x00000222d73c08d0,
0x00000222d4b43060, 0x00000222d73c10a0, 0x00000222d4d941f0, 0x00000222d4d91ae0,
0x00000222d77fcc30, 0x00000222d1c13570, 0x00000222d2422000, 0x00000222d21f1740,
0x00000222d2423830, 0x00000222d77ffc90
}

Java Threads: ( => current thread )
  0x00000222af110650 JavaThread "main"                              [_thread_blocked, id=9552, stack(0x0000003186600000,0x0000003186700000) (1024K)]
  0x00000222c8d1ffa0 JavaThread "Reference Handler"          daemon [_thread_blocked, id=16968, stack(0x0000003186a00000,0x0000003186b00000) (1024K)]
  0x00000222c8d29710 JavaThread "Finalizer"                  daemon [_thread_blocked, id=22524, stack(0x0000003186b00000,0x0000003186c00000) (1024K)]
  0x00000222c8d2ca10 JavaThread "Signal Dispatcher"          daemon [_thread_blocked, id=16908, stack(0x0000003186c00000,0x0000003186d00000) (1024K)]
  0x00000222c8d2f680 JavaThread "Attach Listener"            daemon [_thread_blocked, id=3376, stack(0x0000003186d00000,0x0000003186e00000) (1024K)]
  0x00000222c8d30fa0 JavaThread "Service Thread"             daemon [_thread_blocked, id=776, stack(0x0000003186e00000,0x0000003186f00000) (1024K)]
  0x00000222c8d33770 JavaThread "Monitor Deflation Thread"   daemon [_thread_blocked, id=16540, stack(0x0000003186f00000,0x0000003187000000) (1024K)]
  0x00000222af120920 JavaThread "C2 CompilerThread0"         daemon [_thread_blocked, id=19840, stack(0x0000003187000000,0x0000003187100000) (1024K)]
  0x00000222af122960 JavaThread "C1 CompilerThread0"         daemon [_thread_blocked, id=8092, stack(0x0000003187100000,0x0000003187200000) (1024K)]
  0x00000222cf9add20 JavaThread "Common-Cleaner"             daemon [_thread_blocked, id=2792, stack(0x0000003187400000,0x0000003187500000) (1024K)]
  0x00000222cfa57500 JavaThread "Notification Thread"        daemon [_thread_blocked, id=22124, stack(0x0000003187700000,0x0000003187800000) (1024K)]
  0x00000222d165de60 JavaThread "JNA Cleaner"                daemon [_thread_blocked, id=21316, stack(0x0000003189900000,0x0000003189a00000) (1024K)]
  0x00000222d2056990 JavaThread "InnocuousThread-1"          daemon [_thread_in_native, id=7880, stack(0x000000318a600000,0x000000318a700000) (1024K)]
  0x00000222d205b7b0 JavaThread "InnocuousThread-2"          daemon [_thread_in_native, id=18392, stack(0x000000318a700000,0x000000318a800000) (1024K)]
  0x00000222d2059870 JavaThread "InnocuousThread-3"          daemon [_thread_in_native, id=5392, stack(0x000000318a800000,0x000000318a900000) (1024K)]
  0x00000222d20590a0 JavaThread "InnocuousThread-4"          daemon [_thread_in_native, id=14444, stack(0x000000318a900000,0x000000318aa00000) (1024K)]
  0x00000222d205a040 JavaThread "InnocuousThread-5"          daemon [_thread_in_native, id=22604, stack(0x000000318aa00000,0x000000318ab00000) (1024K)]
  0x00000222d205a810 JavaThread "InnocuousThread-6"          daemon [_thread_in_native, id=18876, stack(0x000000318ab00000,0x000000318ac00000) (1024K)]
  0x00000222d205afe0 JavaThread "InnocuousThread-7"          daemon [_thread_in_native, id=1264, stack(0x000000318ac00000,0x000000318ad00000) (1024K)]
  0x00000222d3140980 JavaThread "InnocuousThread-8"          daemon [_thread_in_native, id=23168, stack(0x000000318ad00000,0x000000318ae00000) (1024K)]
  0x00000222d31428c0 JavaThread "InnocuousThread-9"          daemon [_thread_in_native, id=13076, stack(0x000000318ae00000,0x000000318af00000) (1024K)]
  0x00000222d3143090 JavaThread "InnocuousThread-10"         daemon [_thread_in_native, id=18988, stack(0x000000318af00000,0x000000318b000000) (1024K)]
  0x00000222d3141150 JavaThread "InnocuousThread-11"         daemon [_thread_in_native, id=17196, stack(0x000000318b000000,0x000000318b100000) (1024K)]
  0x00000222d3143860 JavaThread "InnocuousThread-12"         daemon [_thread_in_native, id=12688, stack(0x000000318b100000,0x000000318b200000) (1024K)]
  0x00000222d31401b0 JavaThread "InnocuousThread-13"         daemon [_thread_in_native, id=20136, stack(0x000000318b200000,0x000000318b300000) (1024K)]
  0x00000222d3144fd0 JavaThread "InnocuousThread-14"         daemon [_thread_in_native, id=7304, stack(0x000000318b300000,0x000000318b400000) (1024K)]
  0x00000222d3144030 JavaThread "InnocuousThread-15"         daemon [_thread_in_native, id=3684, stack(0x000000318b400000,0x000000318b500000) (1024K)]
  0x00000222d3141920 JavaThread "InnocuousThread-16"         daemon [_thread_in_native, id=1984, stack(0x000000318b500000,0x000000318b600000) (1024K)]
  0x00000222d3144800 JavaThread "InnocuousThread-17"         daemon [_thread_in_native, id=2132, stack(0x000000318b600000,0x000000318b700000) (1024K)]
  0x00000222d2786700 JavaThread "pool-2-thread-1"                   [_thread_blocked, id=6820, stack(0x000000318b700000,0x000000318b800000) (1024K)]
  0x00000222d2227310 JavaThread "WorkspaceEventsHandler"            [_thread_blocked, id=23548, stack(0x000000318bd00000,0x000000318be00000) (1024K)]
  0x00000222d22282b0 JavaThread "pool-1-thread-1"                   [_thread_blocked, id=22680, stack(0x000000318be00000,0x000000318bf00000) (1024K)]
  0x00000222d4a0bcb0 JavaThread "Cleaner-0"                  daemon [_thread_blocked, id=24512, stack(0x000000318e000000,0x000000318e100000) (1024K)]
  0x00000222d5eced50 JavaThread "Compiler Source File Reader" daemon [_thread_blocked, id=27800, stack(0x0000003188b00000,0x0000003188c00000) (1024K)]
  0x00000222d1b24430 JavaThread "Compiler Source File Reader" daemon [_thread_blocked, id=24908, stack(0x0000003188d00000,0x0000003188e00000) (1024K)]
  0x00000222d73c08d0 JavaThread "Compiler Source File Reader" daemon [_thread_blocked, id=23960, stack(0x0000003188e00000,0x0000003188f00000) (1024K)]
  0x00000222d4b43060 JavaThread "Compiler Source File Reader" daemon [_thread_blocked, id=20016, stack(0x0000003189000000,0x0000003189100000) (1024K)]
  0x00000222d73c10a0 JavaThread "Compiler Source File Reader" daemon [_thread_blocked, id=24416, stack(0x0000003188f00000,0x0000003189000000) (1024K)]
  0x00000222d4d941f0 JavaThread "ForkJoinPool.commonPool-worker-1091" daemon [_thread_blocked, id=23924, stack(0x0000003186400000,0x0000003186500000) (1024K)]
  0x00000222d4d91ae0 JavaThread "pool-21-thread-1"                  [_thread_blocked, id=20352, stack(0x0000003186500000,0x0000003186600000) (1024K)]
  0x00000222d77fcc30 JavaThread "C1 CompilerThread1"         daemon [_thread_blocked, id=23804, stack(0x0000003187200000,0x0000003187300000) (1024K)]
  0x00000222d1c13570 JavaThread "C1 CompilerThread2"         daemon [_thread_blocked, id=15100, stack(0x0000003187500000,0x0000003187600000) (1024K)]
  0x00000222d2422000 JavaThread "C2 CompilerThread1"         daemon [_thread_blocked, id=26932, stack(0x0000003187300000,0x0000003187400000) (1024K)]
  0x00000222d21f1740 JavaThread "C2 CompilerThread2"         daemon [_thread_blocked, id=3508, stack(0x0000003186300000,0x0000003186400000) (1024K)]
  0x00000222d2423830 JavaThread "C2 CompilerThread3"         daemon [_thread_blocked, id=18912, stack(0x0000003187600000,0x0000003187700000) (1024K)]
  0x00000222d77ffc90 JavaThread "C2 CompilerThread4"         daemon [_thread_blocked, id=10612, stack(0x0000003187c00000,0x0000003187d00000) (1024K)]
Total: 46

Other Threads:
=>0x00000222af1bdc30 VMThread "VM Thread"                           [id=8840, stack(0x0000003186900000,0x0000003186a00000) (1024K)]
  0x00000222af13d410 WatcherThread "VM Periodic Task Thread"        [id=9588, stack(0x0000003186800000,0x0000003186900000) (1024K)]
  0x00000222af1300e0 WorkerThread "GC Thread#0"                     [id=21788, stack(0x0000003186700000,0x0000003186800000) (1024K)]
  0x00000222d04f3d30 WorkerThread "GC Thread#1"                     [id=4660, stack(0x0000003187900000,0x0000003187a00000) (1024K)]
  0x00000222d027ccb0 WorkerThread "GC Thread#2"                     [id=17292, stack(0x0000003187a00000,0x0000003187b00000) (1024K)]
  0x00000222d027d0e0 WorkerThread "GC Thread#3"                     [id=4532, stack(0x0000003187b00000,0x0000003187c00000) (1024K)]
  0x00000222d052cec0 WorkerThread "GC Thread#4"                     [id=23360, stack(0x0000003188300000,0x0000003188400000) (1024K)]
  0x00000222d0763ce0 WorkerThread "GC Thread#5"                     [id=10880, stack(0x0000003189200000,0x0000003189300000) (1024K)]
  0x00000222d0836210 WorkerThread "GC Thread#6"                     [id=20184, stack(0x0000003189400000,0x0000003189500000) (1024K)]
  0x00000222d0836660 WorkerThread "GC Thread#7"                     [id=15120, stack(0x0000003189500000,0x0000003189600000) (1024K)]
  0x00000222d08377a0 WorkerThread "GC Thread#8"                     [id=19324, stack(0x0000003189700000,0x0000003189800000) (1024K)]
  0x00000222d08388e0 WorkerThread "GC Thread#9"                     [id=12976, stack(0x0000003189800000,0x0000003189900000) (1024K)]
  0x00000222d0838490 WorkerThread "GC Thread#10"                    [id=15672, stack(0x0000003187800000,0x0000003187900000) (1024K)]
  0x00000222d083bca0 WorkerThread "GC Thread#11"                    [id=18948, stack(0x0000003189c00000,0x0000003189d00000) (1024K)]
  0x00000222d083afb0 WorkerThread "GC Thread#12"                    [id=23012, stack(0x0000003189d00000,0x0000003189e00000) (1024K)]
Total: 15

Threads with active compile tasks:
C2 CompilerThread0  67914926 52854       4       java.lang.classfile.CodeBuilder::invoke (46 bytes)
C2 CompilerThread1  67914926 52860       4       java.lang.invoke.InvokerBytecodeGenerator::emitPushArguments (48 bytes)
C2 CompilerThread2  67914926 52669       4       java.lang.invoke.InvokerBytecodeGenerator::emitStaticInvoke (260 bytes)
C2 CompilerThread3  67914926 52862       4       jdk.internal.classfile.impl.AnnotationReader::writeAnnotation (80 bytes)
C2 CompilerThread4  67914926 52861       4       java.lang.invoke.InvokerBytecodeGenerator::isStaticallyInvocable (168 bytes)
Total: 5

VM state: at safepoint (normal execution)

VM Mutex/Monitor currently owned by a thread:  ([mutex/lock_event])
[0x00007ffcfaad8ce8] DumpTimeTable_lock - owner thread: 0x00000222af1bdc30
[0x00007ffcfaad94e8] Threads_lock - owner thread: 0x00000222af1bdc30
[0x00007ffcfaad9668] Heap_lock - owner thread: 0x00000222af110650

Heap address: 0x0000000080000000, size: 2048 MB, Compressed Oops mode: 32-bit

CDS archive(s) mapped at: [0x000000001d000000-0x000000001ddd0000-0x000000001ddd0000), size 14483456, SharedBaseAddress: 0x000000001d000000, ArchiveRelocationMode: 1.
Compressed class space mapped at: 0x000000001e000000-0x000000005e000000, reserved size: 1073741824
UseCompressedClassPointers 1, UseCompactObjectHeaders 0
Narrow klass pointer bits 32, Max shift 3
Narrow klass base: 0x000000001d000000, Narrow klass shift: 0
Encoding Range: [0x000000001d000000 - 0x000000011d000000), (4294967296 bytes)
Klass Range:    [0x000000001d010000 - 0x000000005e000000), (1090453504 bytes)
Klass ID Range:  [65536 - 1090519033) (1090453497)
Protection zone: [0x000000001d000000 - 0x000000001d010000), (65536 bytes)

GC Precious Log:
 CardTable entry size: 512
 CPUs: 16 total, 16 available
 Memory: 16178M
 Large Page Support: Disabled
 NUMA Support: Disabled
 Compressed Oops: Enabled (32-bit)
 Alignments: Space 512K, Generation 512K, Heap 2M
 Heap Min Capacity: 100M
 Heap Initial Capacity: 100M
 Heap Max Capacity: 2G
 Pre-touch: Disabled
 Parallel Workers: 13

Heap:
 PSYoungGen      total 33792K, used 1873K [0x00000000d5580000, 0x00000000d7780000, 0x0000000100000000)
  eden space 32768K, 3% used [0x00000000d5580000,0x00000000d5693048,0x00000000d7580000)
  from space 1024K, 75% used [0x00000000d7680000,0x00000000d77414a8,0x00000000d7780000)
  to   space 1024K, 0% used [0x00000000d7580000,0x00000000d7580000,0x00000000d7680000)
 ParOldGen       total 713216K, used 712720K [0x0000000080000000, 0x00000000ab880000, 0x00000000d5580000)
  object space 713216K, 99% used [0x0000000080000000,0x00000000ab8040c0,0x00000000ab880000)

Card table byte_map: [0x00000222aec30000,0x00000222af030000] _byte_map_base: 0x00000222ae830000

Marking Bits: (ParMarkBitMap*) 0x00007ffcfaadea00
 Begin Bits: [0x00000222c6c40000, 0x00000222c8c40000)

Polling page: 0x00000222acf10000

Metaspace:
Metaspace        used 111717K, committed 113984K, reserved 1179648K
 class space     used 9419K, committed 10432K, reserved 1048576K

Usage:
  Non-class:     99.90 MB used.
      Class:      9.20 MB used.
       Both:    109.10 MB used.

Virtual space:
  Non-class space:      128.00 MB reserved,     101.12 MB ( 79%) committed,  2 nodes.
      Class space:        1.00 GB reserved,      10.19 MB ( <1%) committed,  1 nodes.
             Both:        1.12 GB reserved,     111.31 MB ( 10%) committed. 

Chunk freelists:
   Non-Class:  10.89 MB
       Class:  5.80 MB
        Both:  16.69 MB

MaxMetaspaceSize: unlimited
CompressedClassSpaceSize: 1.00 GB
Initial GC threshold: 21.00 MB
Current GC threshold: 182.19 MB
CDS: on
 - commit_granule_bytes: 65536.
 - commit_granule_words: 8192.
 - virtual_space_node_default_size: 8388608.
 - enlarge_chunks_in_place: 1.
UseCompressedClassPointers 1, UseCompactObjectHeaders 0
Narrow klass pointer bits 32, Max shift 3
Narrow klass base: 0x000000001d000000, Narrow klass shift: 0
Encoding Range: [0x000000001d000000 - 0x000000011d000000), (4294967296 bytes)
Klass Range:    [0x000000001d010000 - 0x000000005e000000), (1090453504 bytes)
Klass ID Range:  [65536 - 1090519033) (1090453497)
Protection zone: [0x000000001d000000 - 0x000000001d010000), (65536 bytes)


Internal statistics:

num_allocs_failed_limit: 9.
num_arena_births: 2956.
num_arena_deaths: 508.
num_vsnodes_births: 3.
num_vsnodes_deaths: 0.
num_space_committed: 1795.
num_space_uncommitted: 12.
num_chunks_returned_to_freelist: 698.
num_chunks_taken_from_freelist: 8993.
num_chunk_merges: 169.
num_chunk_splits: 5246.
num_chunks_enlarged: 2878.
num_inconsistent_stats: 0.

CodeHeap 'non-profiled nmethods': size=119232Kb used=27560Kb max_used=32388Kb free=91671Kb
 bounds [0x00000222bf520000, 0x00000222c14e0000, 0x00000222c6990000]
CodeHeap 'profiled nmethods': size=119104Kb used=36317Kb max_used=60274Kb free=82786Kb
 bounds [0x00000222b7990000, 0x00000222bb470000, 0x00000222bede0000]
CodeHeap 'non-nmethods': size=7424Kb used=2809Kb max_used=3392Kb free=4614Kb
 bounds [0x00000222bede0000, 0x00000222bf140000, 0x00000222bf520000]
CodeCache: size=245760Kb, used=66686Kb, max_used=96054Kb, free=179071Kb
 total_blobs=23544, nmethods=22592, adapters=849, full_count=0
Compilation: enabled, stopped_count=0, restarted_count=0

Compilation events (20 events):
Event: 67912.181 Thread 0x00000222d77fcc30 52887       3       jdk.internal.classfile.impl.AbstractAttributeMapper$ExceptionsMapper::writeBody (10 bytes)
Event: 67912.181 Thread 0x00000222d1c13570 52888       3       jdk.internal.classfile.impl.AbstractAttributeMapper$ExceptionsMapper::writeBody (11 bytes)
Event: 67912.181 Thread 0x00000222af122960 52889       3       jdk.internal.classfile.impl.Util::writeListIndices (49 bytes)
Event: 67912.181 Thread 0x00000222d77fcc30 nmethod 52887 0x00000222b91ce408 code [0x00000222b91ce500, 0x00000222b91ce850]
Event: 67912.181 Thread 0x00000222d1c13570 nmethod 52888 0x00000222b8974908 code [0x00000222b8974a00, 0x00000222b8974b90]
Event: 67912.181 Thread 0x00000222d2423830 52874       4       java.lang.invoke.LambdaForm$BasicType::basicType (8 bytes)
Event: 67912.181 Thread 0x00000222d77ffc90 52881       4       jdk.internal.classfile.impl.AbstractPoolEntry::hashString (5 bytes)
Event: 67912.181 Thread 0x00000222af122960 nmethod 52889 0x00000222b8b6d788 code [0x00000222b8b6d880, 0x00000222b8b6e468]
Event: 67912.181 Thread 0x00000222d77ffc90 nmethod 52881 0x00000222bf9a6a88 code [0x00000222bf9a6b80, 0x00000222bf9a6bf0]
Event: 67912.181 Thread 0x00000222d77ffc90 52890       4       jdk.internal.classfile.impl.AbstractPoolEntry$Utf8EntryImpl::hashCode (8 bytes)
Event: 67912.182 Thread 0x00000222d77ffc90 nmethod 52890 0x00000222bf9b6188 code [0x00000222bf9b6280, 0x00000222bf9b6320]
Event: 67912.182 Thread 0x00000222d77ffc90 52877       4       jdk.internal.classfile.impl.BufWriterImpl::writeIndex (10 bytes)
Event: 67912.182 Thread 0x00000222d2423830 nmethod 52874 0x00000222bf9b5e88 code [0x00000222bf9b5f80, 0x00000222bf9b60d8]
Event: 67912.182 Thread 0x00000222d2423830 52865       4       jdk.internal.constant.MethodTypeDescImpl::ofValidated (27 bytes)
Event: 67912.183 Thread 0x00000222d2423830 nmethod 52865 0x00000222bf9e7f08 code [0x00000222bf9e8000, 0x00000222bf9e8188]
Event: 67912.183 Thread 0x00000222d2423830 52866       4       jdk.internal.constant.MethodTypeDescImpl::<init> (15 bytes)
Event: 67912.183 Thread 0x00000222d2423830 nmethod 52866 0x00000222bf9e7c08 code [0x00000222bf9e7d00, 0x00000222bf9e7d98]
Event: 67912.183 Thread 0x00000222d2423830 52862       4       jdk.internal.classfile.impl.AnnotationReader::writeAnnotation (80 bytes)
Event: 67912.184 Thread 0x00000222d77ffc90 nmethod 52877 0x00000222bfa12e88 code [0x00000222bfa12f80, 0x00000222bfa132a0]
Event: 67912.184 Thread 0x00000222d77ffc90 52861       4       java.lang.invoke.InvokerBytecodeGenerator::isStaticallyInvocable (168 bytes)

GC Heap Usage History (20 events):
Event: 67671.682 {heap Before GC invocations=6535 (full 14):
 PSYoungGen      total 33792K, used 33309K [0x00000000d5580000, 0x00000000d7780000, 0x0000000100000000)
  eden space 32768K, 99% used [0x00000000d5580000,0x00000000d7577560,0x00000000d7580000)
  from space 1024K, 56% used [0x00000000d7680000,0x00000000d7710040,0x00000000d7780000)
  to   space 1024K, 0% used [0x00000000d7580000,0x00000000d7580000,0x00000000d7680000)
 ParOldGen       total 690688K, used 690248K [0x0000000080000000, 0x00000000aa280000, 0x00000000d55Event: 67671.683 {heap After GC invocations=6535 (full 14):
 PSYoungGen      total 33280K, used 602K [0x00000000d5580000, 0x00000000d7700000, 0x0000000100000000)
  eden space 32256K, 0% used [0x00000000d5580000,0x00000000d5580000,0x00000000d7500000)
  from space 1024K, 58% used [0x00000000d7580000,0x00000000d76169d0,0x00000000d7680000)
  to   space 512K, 0% used [0x00000000d7680000,0x00000000d7680000,0x00000000d7700000)
 ParOldGen       total 690688K, used 690412K [0x0000000080000000, 0x00000000aa280000, 0x00000000d5580000Event: 67671.740 {heap Before GC invocations=6536 (full 14):
 PSYoungGen      total 33280K, used 32858K [0x00000000d5580000, 0x00000000d7700000, 0x0000000100000000)
  eden space 32256K, 100% used [0x00000000d5580000,0x00000000d7500000,0x00000000d7500000)
  from space 1024K, 58% used [0x00000000d7580000,0x00000000d76169d0,0x00000000d7680000)
  to   space 512K, 0% used [0x00000000d7680000,0x00000000d7680000,0x00000000d7700000)
 ParOldGen       total 690688K, used 690412K [0x0000000080000000, 0x00000000aa280000, 0x00000000d55Event: 67671.745 {heap After GC invocations=6536 (full 14):
 PSYoungGen      total 26624K, used 480K [0x00000000d5580000, 0x00000000d8380000, 0x0000000100000000)
  eden space 26112K, 0% used [0x00000000d5580000,0x00000000d5580000,0x00000000d6f00000)
  from space 512K, 93% used [0x00000000d7680000,0x00000000d76f8010,0x00000000d7700000)
  to   space 7680K, 0% used [0x00000000d6f00000,0x00000000d6f00000,0x00000000d7680000)
 ParOldGen       total 696320K, used 696149K [0x0000000080000000, 0x00000000aa800000, 0x00000000d5580000Event: 67682.879 {heap Before GC invocations=6537 (full 14):
 PSYoungGen      total 26624K, used 26592K [0x00000000d5580000, 0x00000000d8380000, 0x0000000100000000)
  eden space 26112K, 100% used [0x00000000d5580000,0x00000000d6f00000,0x00000000d6f00000)
  from space 512K, 93% used [0x00000000d7680000,0x00000000d76f8010,0x00000000d7700000)
  to   space 7680K, 0% used [0x00000000d6f00000,0x00000000d6f00000,0x00000000d7680000)
 ParOldGen       total 696320K, used 696149K [0x0000000080000000, 0x00000000aa800000, 0x00000000d55Event: 67682.882 {heap After GC invocations=6537 (full 14):
 PSYoungGen      total 27136K, used 1008K [0x00000000d5580000, 0x00000000d7700000, 0x0000000100000000)
  eden space 26112K, 0% used [0x00000000d5580000,0x00000000d5580000,0x00000000d6f00000)
  from space 1024K, 98% used [0x00000000d6f00000,0x00000000d6ffc030,0x00000000d7000000)
  to   space 3072K, 0% used [0x00000000d7400000,0x00000000d7400000,0x00000000d7700000)
 ParOldGen       total 696832K, used 696671K [0x0000000080000000, 0x00000000aa880000, 0x00000000d55800Event: 67683.265 {heap Before GC invocations=6538 (full 14):
 PSYoungGen      total 27136K, used 27119K [0x00000000d5580000, 0x00000000d7700000, 0x0000000100000000)
  eden space 26112K, 99% used [0x00000000d5580000,0x00000000d6efff80,0x00000000d6f00000)
  from space 1024K, 98% used [0x00000000d6f00000,0x00000000d6ffc030,0x00000000d7000000)
  to   space 3072K, 0% used [0x00000000d7400000,0x00000000d7400000,0x00000000d7700000)
 ParOldGen       total 696832K, used 696671K [0x0000000080000000, 0x00000000aa880000, 0x00000000d55Event: 67683.266 {heap After GC invocations=6538 (full 14):
 PSYoungGen      total 32768K, used 288K [0x00000000d5580000, 0x00000000d7680000, 0x0000000100000000)
  eden space 30208K, 0% used [0x00000000d5580000,0x00000000d5580000,0x00000000d7300000)
  from space 2560K, 11% used [0x00000000d7400000,0x00000000d7448000,0x00000000d7680000)
  to   space 1024K, 0% used [0x00000000d7300000,0x00000000d7300000,0x00000000d7400000)
 ParOldGen       total 697344K, used 696847K [0x0000000080000000, 0x00000000aa900000, 0x00000000d558000Event: 67687.510 {heap Before GC invocations=6539 (full 14):
 PSYoungGen      total 32768K, used 30496K [0x00000000d5580000, 0x00000000d7680000, 0x0000000100000000)
  eden space 30208K, 100% used [0x00000000d5580000,0x00000000d7300000,0x00000000d7300000)
  from space 2560K, 11% used [0x00000000d7400000,0x00000000d7448000,0x00000000d7680000)
  to   space 1024K, 0% used [0x00000000d7300000,0x00000000d7300000,0x00000000d7400000)
 ParOldGen       total 697344K, used 696847K [0x0000000080000000, 0x00000000aa900000, 0x00000000d5Event: 67687.513 {heap After GC invocations=6539 (full 14):
 PSYoungGen      total 30720K, used 1010K [0x00000000d5580000, 0x00000000d8280000, 0x0000000100000000)
  eden space 29696K, 0% used [0x00000000d5580000,0x00000000d5580000,0x00000000d7280000)
  from space 1024K, 98% used [0x00000000d7300000,0x00000000d73fc848,0x00000000d7400000)
  to   space 8192K, 0% used [0x00000000d7a80000,0x00000000d7a80000,0x00000000d8280000)
 ParOldGen       total 702976K, used 702570K [0x0000000080000000, 0x00000000aae80000, 0x00000000d55800Event: 67687.616 {heap Before GC invocations=6540 (full 14):
 PSYoungGen      total 30720K, used 30706K [0x00000000d5580000, 0x00000000d8280000, 0x0000000100000000)
  eden space 29696K, 100% used [0x00000000d5580000,0x00000000d7280000,0x00000000d7280000)
  from space 1024K, 98% used [0x00000000d7300000,0x00000000d73fc848,0x00000000d7400000)
  to   space 8192K, 0% used [0x00000000d7a80000,0x00000000d7a80000,0x00000000d8280000)
 ParOldGen       total 702976K, used 702570K [0x0000000080000000, 0x00000000aae80000, 0x00000000d5Event: 67687.621 {heap After GC invocations=6540 (full 14):
 PSYoungGen      total 35328K, used 8164K [0x00000000d5580000, 0x00000000d8700000, 0x0000000100000000)
  eden space 27136K, 0% used [0x00000000d5580000,0x00000000d5580000,0x00000000d7000000)
  from space 8192K, 99% used [0x00000000d7a80000,0x00000000d82793f0,0x00000000d8280000)
  to   space 10752K, 0% used [0x00000000d7000000,0x00000000d7000000,0x00000000d7a80000)
 ParOldGen       total 704512K, used 704331K [0x0000000080000000, 0x00000000ab000000, 0x00000000d5580Event: 67688.561 {heap Before GC invocations=6541 (full 14):
 PSYoungGen      total 35328K, used 35300K [0x00000000d5580000, 0x00000000d8700000, 0x0000000100000000)
  eden space 27136K, 100% used [0x00000000d5580000,0x00000000d7000000,0x00000000d7000000)
  from space 8192K, 99% used [0x00000000d7a80000,0x00000000d82793f0,0x00000000d8280000)
  to   space 10752K, 0% used [0x00000000d7000000,0x00000000d7000000,0x00000000d7a80000)
 ParOldGen       total 704512K, used 704331K [0x0000000080000000, 0x00000000ab000000, 0x00000000dEvent: 67688.565 {heap After GC invocations=6541 (full 14):
 PSYoungGen      total 27136K, used 256K [0x00000000d5580000, 0x00000000d7b00000, 0x0000000100000000)
  eden space 26624K, 0% used [0x00000000d5580000,0x00000000d5580000,0x00000000d6f80000)
  from space 512K, 50% used [0x00000000d7000000,0x00000000d7040000,0x00000000d7080000)
  to   space 4096K, 0% used [0x00000000d7700000,0x00000000d7700000,0x00000000d7b00000)
 ParOldGen       total 712192K, used 711775K [0x0000000080000000, 0x00000000ab780000, 0x00000000d5580000Event: 67911.031 {heap Before GC invocations=6542 (full 14):
 PSYoungGen      total 27136K, used 26613K [0x00000000d5580000, 0x00000000d7b00000, 0x0000000100000000)
  eden space 26624K, 98% used [0x00000000d5580000,0x00000000d6f3d690,0x00000000d6f80000)
  from space 512K, 50% used [0x00000000d7000000,0x00000000d7040000,0x00000000d7080000)
  to   space 4096K, 0% used [0x00000000d7700000,0x00000000d7700000,0x00000000d7b00000)
 ParOldGen       total 712192K, used 711775K [0x0000000080000000, 0x00000000ab780000, 0x00000000d558Event: 67911.033 {heap After GC invocations=6542 (full 14):
 PSYoungGen      total 33280K, used 416K [0x00000000d5580000, 0x00000000d7780000, 0x0000000100000000)
  eden space 32768K, 0% used [0x00000000d5580000,0x00000000d5580000,0x00000000d7580000)
  from space 512K, 81% used [0x00000000d7700000,0x00000000d7768000,0x00000000d7780000)
  to   space 1024K, 0% used [0x00000000d7580000,0x00000000d7580000,0x00000000d7680000)
 ParOldGen       total 712192K, used 711855K [0x0000000080000000, 0x00000000ab780000, 0x00000000d5580000Event: 67912.121 {heap Before GC invocations=6543 (full 14):
 PSYoungGen      total 33280K, used 33184K [0x00000000d5580000, 0x00000000d7780000, 0x0000000100000000)
  eden space 32768K, 100% used [0x00000000d5580000,0x00000000d7580000,0x00000000d7580000)
  from space 512K, 81% used [0x00000000d7700000,0x00000000d7768000,0x00000000d7780000)
  to   space 1024K, 0% used [0x00000000d7580000,0x00000000d7580000,0x00000000d7680000)
 ParOldGen       total 712192K, used 711855K [0x0000000080000000, 0x00000000ab780000, 0x00000000d55Event: 67912.123 {heap After GC invocations=6543 (full 14):
 PSYoungGen      total 33280K, used 928K [0x00000000d5580000, 0x00000000d7800000, 0x0000000100000000)
  eden space 32256K, 0% used [0x00000000d5580000,0x00000000d5580000,0x00000000d7500000)
  from space 1024K, 90% used [0x00000000d7580000,0x00000000d7668000,0x00000000d7680000)
  to   space 1536K, 0% used [0x00000000d7680000,0x00000000d7680000,0x00000000d7800000)
 ParOldGen       total 712192K, used 711967K [0x0000000080000000, 0x00000000ab780000, 0x00000000d558000Event: 67912.177 {heap Before GC invocations=6544 (full 14):
 PSYoungGen      total 33280K, used 33169K [0x00000000d5580000, 0x00000000d7800000, 0x0000000100000000)
  eden space 32256K, 99% used [0x00000000d5580000,0x00000000d74fc5d0,0x00000000d7500000)
  from space 1024K, 90% used [0x00000000d7580000,0x00000000d7668000,0x00000000d7680000)
  to   space 1536K, 0% used [0x00000000d7680000,0x00000000d7680000,0x00000000d7800000)
 ParOldGen       total 712192K, used 711967K [0x0000000080000000, 0x00000000ab780000, 0x00000000d55Event: 67912.178 {heap After GC invocations=6544 (full 14):
 PSYoungGen      total 33792K, used 773K [0x00000000d5580000, 0x00000000d7780000, 0x0000000100000000)
  eden space 32768K, 0% used [0x00000000d5580000,0x00000000d5580000,0x00000000d7580000)
  from space 1024K, 75% used [0x00000000d7680000,0x00000000d77414a8,0x00000000d7780000)
  to   space 1024K, 0% used [0x00000000d7580000,0x00000000d7580000,0x00000000d7680000)
 ParOldGen       total 713216K, used 712720K [0x0000000080000000, 0x00000000ab880000, 0x00000000d558000
Metaspace Usage History (20 events):
Event: 67671.682 {metaspace Before GC invocations=6535 (full 14):
 Metaspace       used 110227K, committed 112064K, reserved 1179648K
  class space    used 9154K, committed 10048K, reserved 1048576K
}
Event: 67671.683 {metaspace After GC invocations=6535 (full 14):
 Metaspace       used 110227K, committed 112064K, reserved 1179648K
  class space    used 9154K, committed 10048K, reserved 1048576K
}
Event: 67671.740 {metaspace Before GC invocations=6536 (full 14):
 Metaspace       used 110227K, committed 112064K, reserved 1179648K
  class space    used 9154K, committed 10048K, reserved 1048576K
}
Event: 67671.745 {metaspace After GC invocations=6536 (full 14):
 Metaspace       used 110227K, committed 112064K, reserved 1179648K
  class space    used 9154K, committed 10048K, reserved 1048576K
}
Event: 67682.879 {metaspace Before GC invocations=6537 (full 14):
 Metaspace       used 110227K, committed 112064K, reserved 1179648K
  class space    used 9154K, committed 10048K, reserved 1048576K
}
Event: 67682.882 {metaspace After GC invocations=6537 (full 14):
 Metaspace       used 110227K, committed 112064K, reserved 1179648K
  class space    used 9154K, committed 10048K, reserved 1048576K
}
Event: 67683.265 {metaspace Before GC invocations=6538 (full 14):
 Metaspace       used 110227K, committed 112064K, reserved 1179648K
  class space    used 9154K, committed 10048K, reserved 1048576K
}
Event: 67683.266 {metaspace After GC invocations=6538 (full 14):
 Metaspace       used 110227K, committed 112064K, reserved 1179648K
  class space    used 9154K, committed 10048K, reserved 1048576K
}
Event: 67687.510 {metaspace Before GC invocations=6539 (full 14):
 Metaspace       used 110227K, committed 112064K, reserved 1179648K
  class space    used 9154K, committed 10048K, reserved 1048576K
}
Event: 67687.513 {metaspace After GC invocations=6539 (full 14):
 Metaspace       used 110227K, committed 112064K, reserved 1179648K
  class space    used 9154K, committed 10048K, reserved 1048576K
}
Event: 67687.616 {metaspace Before GC invocations=6540 (full 14):
 Metaspace       used 110227K, committed 112064K, reserved 1179648K
  class space    used 9154K, committed 10048K, reserved 1048576K
}
Event: 67687.621 {metaspace After GC invocations=6540 (full 14):
 Metaspace       used 110227K, committed 112064K, reserved 1179648K
  class space    used 9154K, committed 10048K, reserved 1048576K
}
Event: 67688.561 {metaspace Before GC invocations=6541 (full 14):
 Metaspace       used 110227K, committed 112064K, reserved 1179648K
  class space    used 9154K, committed 10048K, reserved 1048576K
}
Event: 67688.565 {metaspace After GC invocations=6541 (full 14):
 Metaspace       used 110227K, committed 112064K, reserved 1179648K
  class space    used 9154K, committed 10048K, reserved 1048576K
}
Event: 67911.031 {metaspace Before GC invocations=6542 (full 14):
 Metaspace       used 110269K, committed 112128K, reserved 1179648K
  class space    used 9161K, committed 10048K, reserved 1048576K
}
Event: 67911.033 {metaspace After GC invocations=6542 (full 14):
 Metaspace       used 110269K, committed 112128K, reserved 1179648K
  class space    used 9161K, committed 10048K, reserved 1048576K
}
Event: 67912.121 {metaspace Before GC invocations=6543 (full 14):
 Metaspace       used 110857K, committed 112704K, reserved 1179648K
  class space    used 9228K, committed 10048K, reserved 1048576K
}
Event: 67912.123 {metaspace After GC invocations=6543 (full 14):
 Metaspace       used 110857K, committed 112704K, reserved 1179648K
  class space    used 9228K, committed 10048K, reserved 1048576K
}
Event: 67912.177 {metaspace Before GC invocations=6544 (full 14):
 Metaspace       used 111511K, committed 113792K, reserved 1179648K
  class space    used 9416K, committed 10432K, reserved 1048576K
}
Event: 67912.178 {metaspace After GC invocations=6544 (full 14):
 Metaspace       used 111511K, committed 113792K, reserved 1179648K
  class space    used 9416K, committed 10432K, reserved 1048576K
}

Dll operation events (12 events):
Event: 0.015 Loaded shared library C:\Program Files\Java\jdk-25\bin\java.dll
Event: 0.035 Loaded shared library C:\Program Files\Java\jdk-25\bin\zip.dll
Event: 0.106 Loaded shared library C:\Program Files\Java\jdk-25\bin\instrument.dll
Event: 0.110 Loaded shared library C:\Program Files\Java\jdk-25\bin\net.dll
Event: 0.112 Loaded shared library C:\Program Files\Java\jdk-25\bin\nio.dll
Event: 0.115 Loaded shared library C:\Program Files\Java\jdk-25\bin\zip.dll
Event: 0.133 Loaded shared library C:\Program Files\Java\jdk-25\bin\jimage.dll
Event: 0.203 Loaded shared library C:\Program Files\Java\jdk-25\bin\verify.dll
Event: 1.975 Loaded shared library C:\Users\super\AppData\Roaming\Code\User\globalStorage\redhat.java\1.51.2025121108\config_win\org.eclipse.equinox.launcher\org.eclipse.equinox.launcher.win32.win32.x86_64_1.2.1400.v20250801-0854\eclipse_11916.dll
Event: 3.640 Loaded shared library C:\Users\super\AppData\Local\Temp\jna-109801339\jna9023435639205861843.dll
Event: 6.044 Loaded shared library C:\Program Files\Java\jdk-25\bin\sunmscapi.dll
Event: 6.144 Loaded shared library C:\Program Files\Java\jdk-25\bin\extnet.dll

Deoptimization events (20 events):
Event: 67912.138 Thread 0x00000222af110650 Uncommon trap: trap_request=0xffffff45 fr.pc=0x00000222c018b734 relative=0x00000000000013b4
Event: 67912.138 Thread 0x00000222af110650 Uncommon trap: reason=unstable_if action=reinterpret pc=0x00000222c018b734 method=java.lang.invoke.LambdaForm$BasicType.basicType(C)Ljava/lang/invoke/LambdaForm$BasicType; @ 1 c2
Event: 67912.138 Thread 0x00000222af110650 DEOPT PACKING pc=0x00000222c018b734 sp=0x00000031866fdc60
Event: 67912.138 Thread 0x00000222af110650 DEOPT UNPACKING pc=0x00000222beef8482 sp=0x00000031866fdb60 mode 2
Event: 67912.138 Thread 0x00000222af110650 Uncommon trap: trap_request=0xffffff45 fr.pc=0x00000222c135320c relative=0x000000000000008c
Event: 67912.138 Thread 0x00000222af110650 Uncommon trap: reason=unstable_if action=reinterpret pc=0x00000222c135320c method=java.lang.invoke.LambdaForm$BasicType.basicType(C)Ljava/lang/invoke/LambdaForm$BasicType; @ 1 c2
Event: 67912.138 Thread 0x00000222af110650 DEOPT PACKING pc=0x00000222c135320c sp=0x00000031866fdc30
Event: 67912.138 Thread 0x00000222af110650 DEOPT UNPACKING pc=0x00000222beef8482 sp=0x00000031866fdb60 mode 2
Event: 67912.139 Thread 0x00000222af110650 Uncommon trap: trap_request=0xffffff45 fr.pc=0x00000222bf9ed98c relative=0x0000000000000dec
Event: 67912.139 Thread 0x00000222af110650 Uncommon trap: reason=unstable_if action=reinterpret pc=0x00000222bf9ed98c method=jdk.internal.classfile.impl.SplitConstantPool.findEntry(ILjdk/internal/classfile/impl/AbstractPoolEntry;Ljdk/internal/classfile/impl/AbstractPoolEntry;)Ljdk/internal/classfi
Event: 67912.139 Thread 0x00000222af110650 DEOPT PACKING pc=0x00000222bf9ed98c sp=0x00000031866fdc40
Event: 67912.139 Thread 0x00000222af110650 DEOPT UNPACKING pc=0x00000222beef8482 sp=0x00000031866fdaf8 mode 2
Event: 67912.139 Thread 0x00000222af110650 Uncommon trap: trap_request=0xffffff45 fr.pc=0x00000222bf5f74ac relative=0x000000000000060c
Event: 67912.139 Thread 0x00000222af110650 Uncommon trap: reason=unstable_if action=reinterpret pc=0x00000222bf5f74ac method=jdk.internal.classfile.impl.SplitConstantPool.findEntry(ILjdk/internal/classfile/impl/AbstractPoolEntry;Ljdk/internal/classfile/impl/AbstractPoolEntry;)Ljdk/internal/classfi
Event: 67912.139 Thread 0x00000222af110650 DEOPT PACKING pc=0x00000222bf5f74ac sp=0x00000031866fdb30
Event: 67912.139 Thread 0x00000222af110650 DEOPT UNPACKING pc=0x00000222beef8482 sp=0x00000031866fdaf0 mode 2
Event: 67912.170 Thread 0x00000222af110650 Uncommon trap: trap_request=0xffffff45 fr.pc=0x00000222bf59a7ac relative=0x000000000000052c
Event: 67912.170 Thread 0x00000222af110650 Uncommon trap: reason=unstable_if action=reinterpret pc=0x00000222bf59a7ac method=java.lang.invoke.MethodType.insertParameterTypes(I[Ljava/lang/Class;)Ljava/lang/invoke/MethodType; @ 48 c2
Event: 67912.170 Thread 0x00000222af110650 DEOPT PACKING pc=0x00000222bf59a7ac sp=0x00000031866fe390
Event: 67912.170 Thread 0x00000222af110650 DEOPT UNPACKING pc=0x00000222beef8482 sp=0x00000031866fe348 mode 2

Classes loaded (20 events):
Event: 67911.013 Loading class java/util/concurrent/Executors$DelegatedScheduledExecutorService
Event: 67911.014 Loading class java/util/concurrent/Executors$DelegatedExecutorService
Event: 67911.015 Loading class java/util/concurrent/Executors$DelegatedExecutorService done
Event: 67911.015 Loading class java/util/concurrent/Executors$DelegatedScheduledExecutorService done
Event: 67911.037 Loading class java/util/concurrent/ConcurrentHashMap$EntrySpliterator
Event: 67911.038 Loading class java/util/concurrent/ConcurrentHashMap$EntrySpliterator done
Event: 67911.045 Loading class java/util/zip/Deflater
Event: 67911.046 Loading class java/util/zip/Deflater done
Event: 67911.047 Loading class java/util/zip/Deflater$DeflaterZStreamRef
Event: 67911.047 Loading class java/util/zip/Deflater$DeflaterZStreamRef done
Event: 67911.922 Loading class javax/security/auth/login/Configuration
Event: 67911.923 Loading class javax/security/auth/login/Configuration done
Event: 67912.111 Loading class java/lang/invoke/GenerateJLIClassesHelper
Event: 67912.112 Loading class java/lang/invoke/GenerateJLIClassesHelper done
Event: 67912.112 Loading class java/lang/invoke/GenerateJLIClassesHelper$HolderClassBuilder
Event: 67912.112 Loading class java/lang/invoke/GenerateJLIClassesHelper$HolderClassBuilder done
Event: 67912.149 Loading class java/lang/invoke/BoundMethodHandle$Species_J
Event: 67912.149 Loading class java/lang/invoke/BoundMethodHandle$Species_J done
Event: 67912.168 Loading class java/lang/invoke/BoundMethodHandle$Species_F
Event: 67912.168 Loading class java/lang/invoke/BoundMethodHandle$Species_F done

Classes unloaded (20 events):
Event: 51617.746 Thread 0x00000222af1bdc30 Unloading class 0x000000001e9ca8b0 'org/apache/maven/plugins/resources/TestResourcesMojo'
Event: 51617.746 Thread 0x00000222af1bdc30 Unloading class 0x000000001e9ca628 'org/apache/maven/plugins/maven_resources_plugin/HelpMojo'
Event: 51617.746 Thread 0x00000222af1bdc30 Unloading class 0x000000001e9ca310 'org/apache/maven/plugins/resources/CopyResourcesMojo'
Event: 51617.746 Thread 0x00000222af1bdc30 Unloading class 0x000000001e9ca000 'org/apache/maven/plugins/resources/ResourcesMojo'
Event: 51617.746 Thread 0x00000222af1bdc30 Unloading class 0x000000001e9c9290 'org/apache/logging/log4j/core/config/plugins/processor/PluginCache'
Event: 51617.747 Thread 0x00000222af1bdc30 Unloading class 0x000000001e9c9000 'org/apache/logging/log4j/core/config/plugins/processor/PluginProcessor'
Event: 51617.747 Thread 0x00000222af1bdc30 Unloading class 0x000000001e9c4400 'java/lang/invoke/LambdaForm$MH+0x000000001e9c4400'
Event: 55366.484 Thread 0x00000222af1bdc30 Unloading class 0x000000001e905c00 'java/lang/invoke/LambdaForm$BMH+0x000000001e905c00'
Event: 55366.484 Thread 0x00000222af1bdc30 Unloading class 0x000000001e9c8000 'java/lang/invoke/LambdaForm$MH+0x000000001e9c8000'
Event: 55366.484 Thread 0x00000222af1bdc30 Unloading class 0x000000001e9d1000 'java/lang/invoke/LambdaForm$MH+0x000000001e9d1000'
Event: 55366.484 Thread 0x00000222af1bdc30 Unloading class 0x000000001e9d0c00 'java/lang/invoke/LambdaForm$MH+0x000000001e9d0c00'
Event: 55366.484 Thread 0x00000222af1bdc30 Unloading class 0x000000001e9d0800 'java/lang/invoke/LambdaForm$MH+0x000000001e9d0800'
Event: 55366.484 Thread 0x00000222af1bdc30 Unloading class 0x000000001e9c8400 'java/lang/invoke/LambdaForm$MH+0x000000001e9c8400'
Event: 55366.484 Thread 0x00000222af1bdc30 Unloading class 0x000000001e9c4800 'java/lang/invoke/LambdaForm$MH+0x000000001e9c4800'
Event: 55366.484 Thread 0x00000222af1bdc30 Unloading class 0x000000001e8d2c00 'java/lang/invoke/LambdaForm$MH+0x000000001e8d2c00'
Event: 55366.484 Thread 0x00000222af1bdc30 Unloading class 0x000000001e91c000 'java/lang/invoke/LambdaForm$MH+0x000000001e91c000'
Event: 64540.175 Thread 0x00000222af1bdc30 Unloading class 0x000000001e9c4400 'java/lang/invoke/LambdaForm$MH+0x000000001e9c4400'
Event: 64540.175 Thread 0x00000222af1bdc30 Unloading class 0x000000001e9c4000 'java/lang/invoke/LambdaForm$MH+0x000000001e9c4000'
Event: 64540.175 Thread 0x00000222af1bdc30 Unloading class 0x000000001e9d0800 'java/lang/invoke/LambdaForm$MH+0x000000001e9d0800'
Event: 64540.175 Thread 0x00000222af1bdc30 Unloading class 0x000000001e86d400 'java/lang/invoke/LambdaForm$MH+0x000000001e86d400'

Classes redefined (0 events):
No events

Internal exceptions (20 events):
Event: 67912.173 Thread 0x00000222af110650 Exception <a 'java/lang/NoSuchMethodError'{0x00000000d7132b40}: 'long java.lang.invoke.Invokers$Holder.invoke_MT(java.lang.Object, java.lang.Object)'> (0x00000000d7132b40) 
thrown [s\open\src\hotspot\share\interpreter\linkResolver.cpp, line 804]
Event: 67912.174 Thread 0x00000222af110650 Exception <a 'java/lang/NoSuchMethodError'{0x00000000d713f128}: 'java.lang.Object java.lang.invoke.Invokers$Holder.linkToCallSite(int, int, int, java.lang.Object)'> (0x00000000d713f128) 
thrown [s\open\src\hotspot\share\interpreter\linkResolver.cpp, line 804]
Event: 67912.174 Thread 0x00000222af110650 Exception <a 'java/lang/NoSuchMethodError'{0x00000000d7147e58}: 'java.lang.Object java.lang.invoke.Invokers$Holder.linkToCallSite(int, long, java.lang.Object)'> (0x00000000d7147e58) 
thrown [s\open\src\hotspot\share\interpreter\linkResolver.cpp, line 804]
Event: 67912.174 Thread 0x00000222af110650 Exception <a 'java/lang/NoSuchMethodError'{0x00000000d7150000}: 'java.lang.Object java.lang.invoke.Invokers$Holder.linkToCallSite(int, java.lang.Object, java.lang.Object, java.lang.Object)'> (0x00000000d7150000) 
thrown [s\open\src\hotspot\share\interpreter\linkResolver.cpp, line 804]
Event: 67912.174 Thread 0x00000222af110650 Exception <a 'java/lang/NoSuchMethodError'{0x00000000d7158390}: 'java.lang.Object java.lang.invoke.Invokers$Holder.linkToCallSite(int, java.lang.Object, java.lang.Object, java.lang.Object, java.lang.Object)'> (0x00000000d7158390) 
thrown [s\open\src\hotspot\share\interpreter\linkResolver.cpp, line 804]
Event: 67912.174 Thread 0x00000222af110650 Exception <a 'java/lang/NoSuchMethodError'{0x00000000d7165368}: 'java.lang.Object java.lang.invoke.Invokers$Holder.linkToCallSite(java.lang.Object, java.lang.Object, java.lang.Object, int, java.lang.Object, java.lang.Object, java.lang.Object)'> (0x00000000d7165368) 
thrown [s\open\src\hotspot\share\interpreter\linkResolver.cpp, line 804]
Event: 67912.174 Thread 0x00000222af110650 Exception <a 'java/lang/NoSuchMethodError'{0x00000000d716dee0}: 'java.lang.Object java.lang.invoke.Invokers$Holder.linkToCallSite(java.lang.Object, java.lang.Object, java.lang.Object, int, java.lang.Object, java.lang.Object)'> (0x00000000d716dee0) 
thrown [s\open\src\hotspot\share\interpreter\linkResolver.cpp, line 804]
Event: 67912.174 Thread 0x00000222af110650 Exception <a 'java/lang/NoSuchMethodError'{0x00000000d7176398}: 'java.lang.Object java.lang.invoke.Invokers$Holder.linkToCallSite(java.lang.Object, java.lang.Object, java.lang.Object, int, java.lang.Object)'> (0x00000000d7176398) 
thrown [s\open\src\hotspot\share\interpreter\linkResolver.cpp, line 804]
Event: 67912.174 Thread 0x00000222af110650 Exception <a 'java/lang/NoSuchMethodError'{0x00000000d7182910}: 'java.lang.Object java.lang.invoke.Invokers$Holder.linkToCallSite(java.lang.Object, java.lang.Object, java.lang.Object, java.lang.Object, java.lang.Object, java.lang.Object, java.lang.Object, java.lang.Object, java.lang.Object, int, java.lang.Object, java.lang.Object, java.lang.Object, java.lang.Object)'> (0x00000000d7182910) 
thrown [s\open\src\hotspot\share\interpreter\linkResolver.cpp, line 804]
Event: 67912.175 Thread 0x00000222af110650 Exception <a 'java/lang/NoSuchMethodError'{0x00000000d718e240}: 'java.lang.Object java.lang.invoke.Invokers$Holder.linkToCallSite(java.lang.Object, int, int, java.lang.Object, java.lang.Object)'> (0x00000000d718e240) 
thrown [s\open\src\hotspot\share\interpreter\linkResolver.cpp, line 804]
Event: 67912.175 Thread 0x00000222af110650 Exception <a 'java/lang/NoSuchMethodError'{0x00000000d7196920}: 'java.lang.Object java.lang.invoke.Invokers$Holder.linkToCallSite(java.lang.Object, int, java.lang.Object, java.lang.Object, java.lang.Object)'> (0x00000000d7196920) 
thrown [s\open\src\hotspot\share\interpreter\linkResolver.cpp, line 804]
Event: 67912.175 Thread 0x00000222af110650 Exception <a 'java/lang/NoSuchMethodError'{0x00000000d719eda8}: 'java.lang.Object java.lang.invoke.Invokers$Holder.linkToCallSite(java.lang.Object, int, java.lang.Object, java.lang.Object, java.lang.Object, java.lang.Object, java.lang.Object)'> (0x00000000d719eda8) 
thrown [s\open\src\hotspot\share\interpreter\linkResolver.cpp, line 804]
Event: 67912.175 Thread 0x00000222af110650 Exception <a 'java/lang/NoSuchMethodError'{0x00000000d71a7318}: 'java.lang.Object java.lang.invoke.Invokers$Holder.linkToCallSite(java.lang.Object, int, java.lang.Object, int, java.lang.Object, java.lang.Object)'> (0x00000000d71a7318) 
thrown [s\open\src\hotspot\share\interpreter\linkResolver.cpp, line 804]
Event: 67912.175 Thread 0x00000222af110650 Exception <a 'java/lang/NoSuchMethodError'{0x00000000d71af6a0}: 'java.lang.Object java.lang.invoke.Invokers$Holder.linkToCallSite(java.lang.Object, int, java.lang.Object, java.lang.Object)'> (0x00000000d71af6a0) 
thrown [s\open\src\hotspot\share\interpreter\linkResolver.cpp, line 804]
Event: 67912.175 Thread 0x00000222af110650 Exception <a 'java/lang/NoSuchMethodError'{0x00000000d71b8ab8}: 'java.lang.Object java.lang.invoke.Invokers$Holder.linkToCallSite(java.lang.Object, long, java.lang.Object, java.lang.Object)'> (0x00000000d71b8ab8) 
thrown [s\open\src\hotspot\share\interpreter\linkResolver.cpp, line 804]
Event: 67912.175 Thread 0x00000222af110650 Exception <a 'java/lang/NoSuchMethodError'{0x00000000d71c0fc8}: 'java.lang.Object java.lang.invoke.Invokers$Holder.linkToCallSite(java.lang.Object, long, java.lang.Object)'> (0x00000000d71c0fc8) 
thrown [s\open\src\hotspot\share\interpreter\linkResolver.cpp, line 804]
Event: 67912.175 Thread 0x00000222af110650 Exception <a 'java/lang/NoSuchMethodError'{0x00000000d71c9240}: 'java.lang.Object java.lang.invoke.Invokers$Holder.linkToCallSite(java.lang.Object, java.lang.Object, int, int, int, java.lang.Object)'> (0x00000000d71c9240) 
thrown [s\open\src\hotspot\share\interpreter\linkResolver.cpp, line 804]
Event: 67912.175 Thread 0x00000222af110650 Exception <a 'java/lang/NoSuchMethodError'{0x00000000d71d1608}: 'java.lang.Object java.lang.invoke.Invokers$Holder.linkToCallSite(java.lang.Object, java.lang.Object, int, java.lang.Object, java.lang.Object)'> (0x00000000d71d1608) 
thrown [s\open\src\hotspot\share\interpreter\linkResolver.cpp, line 804]
Event: 67912.175 Thread 0x00000222af110650 Exception <a 'java/lang/NoSuchMethodError'{0x00000000d71d9eb0}: 'java.lang.Object java.lang.invoke.Invokers$Holder.linkToCallSite(java.lang.Object, java.lang.Object, int, java.lang.Object)'> (0x00000000d71d9eb0) 
thrown [s\open\src\hotspot\share\interpreter\linkResolver.cpp, line 804]
Event: 67912.175 Thread 0x00000222af110650 Exception <a 'java/lang/NoSuchMethodError'{0x00000000d71e2188}: 'java.lang.Object java.lang.invoke.Invokers$Holder.linkToCallSite(java.lang.Object, java.lang.Object, long, java.lang.Object)'> (0x00000000d71e2188) 
thrown [s\open\src\hotspot\share\interpreter\linkResolver.cpp, line 804]

VM Operations (20 events):
Event: 67911.941 Executing non-safepoint VM operation: HandshakeAllThreads (Deoptimize) done
Event: 67912.053 Executing non-safepoint VM operation: HandshakeAllThreads (Deoptimize)
Event: 67912.053 Executing non-safepoint VM operation: HandshakeAllThreads (Deoptimize) done
Event: 67912.057 Executing non-safepoint VM operation: HandshakeAllThreads (Deoptimize)
Event: 67912.057 Executing non-safepoint VM operation: HandshakeAllThreads (Deoptimize) done
Event: 67912.061 Executing non-safepoint VM operation: HandshakeAllThreads (Deoptimize)
Event: 67912.061 Executing non-safepoint VM operation: HandshakeAllThreads (Deoptimize) done
Event: 67912.063 Executing non-safepoint VM operation: HandshakeAllThreads (Deoptimize)
Event: 67912.064 Executing non-safepoint VM operation: HandshakeAllThreads (Deoptimize) done
Event: 67912.066 Executing non-safepoint VM operation: HandshakeAllThreads (Deoptimize)
Event: 67912.066 Executing non-safepoint VM operation: HandshakeAllThreads (Deoptimize) done
Event: 67912.075 Executing non-safepoint VM operation: HandshakeAllThreads (Deoptimize)
Event: 67912.075 Executing non-safepoint VM operation: HandshakeAllThreads (Deoptimize) done
Event: 67912.091 Executing non-safepoint VM operation: HandshakeAllThreads (Deoptimize)
Event: 67912.091 Executing non-safepoint VM operation: HandshakeAllThreads (Deoptimize) done
Event: 67912.121 Executing safepoint VM operation: ParallelCollectForAllocation (Allocation Failure)
Event: 67912.123 Executing safepoint VM operation: ParallelCollectForAllocation (Allocation Failure) done
Event: 67912.177 Executing safepoint VM operation: ParallelCollectForAllocation (Allocation Failure)
Event: 67912.178 Executing safepoint VM operation: ParallelCollectForAllocation (Allocation Failure) done
Event: 67912.184 Executing safepoint VM operation: PopulateDumpSharedSpace

Memory protections (0 events):
No events

Nmethod flushes (20 events):
Event: 64540.516 Thread 0x00000222af1bdc30 flushing  nmethod 0x00000222baee0608
Event: 64540.516 Thread 0x00000222af1bdc30 flushing  nmethod 0x00000222baf10c88
Event: 64540.516 Thread 0x00000222af1bdc30 flushing  nmethod 0x00000222baf14788
Event: 64540.516 Thread 0x00000222af1bdc30 flushing  nmethod 0x00000222baf28388
Event: 64540.516 Thread 0x00000222af1bdc30 flushing  nmethod 0x00000222bb017388
Event: 64540.516 Thread 0x00000222af1bdc30 flushing  nmethod 0x00000222bb018208
Event: 64540.516 Thread 0x00000222af1bdc30 flushing  nmethod 0x00000222bb026708
Event: 64540.516 Thread 0x00000222af1bdc30 flushing  nmethod 0x00000222bb040308
Event: 64540.516 Thread 0x00000222af1bdc30 flushing  nmethod 0x00000222bb09c308
Event: 64540.516 Thread 0x00000222af1bdc30 flushing  nmethod 0x00000222bb0cb588
Event: 64540.516 Thread 0x00000222af1bdc30 flushing  nmethod 0x00000222bb0e9808
Event: 64540.516 Thread 0x00000222af1bdc30 flushing  nmethod 0x00000222bb10db08
Event: 64540.516 Thread 0x00000222af1bdc30 flushing  nmethod 0x00000222bb1ffd88
Event: 64540.516 Thread 0x00000222af1bdc30 flushing  nmethod 0x00000222bb200208
Event: 64540.516 Thread 0x00000222af1bdc30 flushing  nmethod 0x00000222bb21ca08
Event: 64540.516 Thread 0x00000222af1bdc30 flushing  nmethod 0x00000222bb26b388
Event: 64540.516 Thread 0x00000222af1bdc30 flushing  nmethod 0x00000222bb313808
Event: 64540.516 Thread 0x00000222af1bdc30 flushing  nmethod 0x00000222bb3f9d08
Event: 64540.516 Thread 0x00000222af1bdc30 flushing  nmethod 0x00000222bb3faf08
Event: 64540.516 Thread 0x00000222af1bdc30 flushing  nmethod 0x00000222bb3fc188

Events (20 events):
Event: 67911.911 Thread 0x00000222d1c14da0 Thread exited: 0x00000222d1c14da0
Event: 67911.911 Thread 0x00000222d1c11530 Thread exited: 0x00000222d1c11530
Event: 67911.912 Thread 0x00000222d1c10510 Thread exited: 0x00000222d1c10510
Event: 67911.942 Thread 0x00000222af122960 Thread added: 0x00000222d2422000
Event: 67911.980 Thread 0x00000222d4b42890 Thread exited: 0x00000222d4b42890
Event: 67911.980 Thread 0x00000222d3259a60 Thread exited: 0x00000222d3259a60
Event: 67911.980 Thread 0x00000222d17799b0 Thread exited: 0x00000222d17799b0
Event: 67911.983 Thread 0x00000222d006c300 Thread exited: 0x00000222d006c300
Event: 67911.992 Thread 0x00000222d03f6600 Thread exited: 0x00000222d03f6600
Event: 67911.992 Thread 0x00000222d0070180 Thread exited: 0x00000222d0070180
Event: 67911.993 Thread 0x00000222d03f8540 Thread exited: 0x00000222d03f8540
Event: 67911.993 Thread 0x00000222d03f9cb0 Thread exited: 0x00000222d03f9cb0
Event: 67911.993 Thread 0x00000222d03f75a0 Thread exited: 0x00000222d03f75a0
Event: 67912.001 Thread 0x00000222d4d95190 Thread exited: 0x00000222d4d95190
Event: 67912.002 Thread 0x00000222af110650 Thread added: 0x00000222d0c84d40
Event: 67912.003 Thread 0x00000222d0c84d40 Thread exited: 0x00000222d0c84d40
Event: 67912.006 Thread 0x00000222af110650 Before exit entered
Event: 67912.140 Thread 0x00000222d1c13570 Thread added: 0x00000222d21f1740
Event: 67912.181 Thread 0x00000222af122960 Thread added: 0x00000222d2423830
Event: 67912.181 Thread 0x00000222d77fcc30 Thread added: 0x00000222d77ffc90


Dynamic libraries:
0x00007ff69fc80000 - 0x00007ff69fc90000 	C:\Program Files\Java\jdk-25\bin\java.exe
0x00007ffd9fd00000 - 0x00007ffd9ff67000 	C:\WINDOWS\SYSTEM32\ntdll.dll
0x00007ffd9eb10000 - 0x00007ffd9ebd9000 	C:\WINDOWS\System32\KERNEL32.DLL
0x00007ffd9d260000 - 0x00007ffd9d64f000 	C:\WINDOWS\System32\KERNELBASE.dll
0x00007ffd9d110000 - 0x00007ffd9d25b000 	C:\WINDOWS\System32\ucrtbase.dll
0x00007ffd5bdf0000 - 0x00007ffd5be07000 	C:\Program Files\Java\jdk-25\bin\jli.dll
0x00007ffd72880000 - 0x00007ffd7289e000 	C:\Program Files\Java\jdk-25\bin\VCRUNTIME140.dll
0x00007ffd9dc30000 - 0x00007ffd9ddf5000 	C:\WINDOWS\System32\USER32.dll
0x00007ffd7c680000 - 0x00007ffd7c913000 	C:\WINDOWS\WinSxS\amd64_microsoft.windows.common-controls_6595b64144ccf1df_6.0.26100.7309_none_3e05feeae336a044\COMCTL32.dll
0x00007ffd9d720000 - 0x00007ffd9d747000 	C:\WINDOWS\System32\win32u.dll
0x00007ffd9de00000 - 0x00007ffd9dea9000 	C:\WINDOWS\System32\msvcrt.dll
0x00007ffd9dbe0000 - 0x00007ffd9dc0b000 	C:\WINDOWS\System32\GDI32.dll
0x00007ffd9d970000 - 0x00007ffd9da9c000 	C:\WINDOWS\System32\gdi32full.dll
0x00007ffd9ce50000 - 0x00007ffd9cef3000 	C:\WINDOWS\System32\msvcp_win.dll
0x00007ffd9daa0000 - 0x00007ffd9dad1000 	C:\WINDOWS\System32\IMM32.DLL
0x00007ffd7ec20000 - 0x00007ffd7ec2c000 	C:\Program Files\Java\jdk-25\bin\vcruntime140_1.dll
0x00007ffcff2b0000 - 0x00007ffcff33d000 	C:\Program Files\Java\jdk-25\bin\msvcp140.dll
0x00007ffcf9d60000 - 0x00007ffcfabbf000 	C:\Program Files\Java\jdk-25\bin\server\jvm.dll
0x00007ffd9fc00000 - 0x00007ffd9fcb4000 	C:\WINDOWS\System32\ADVAPI32.dll
0x00007ffd9dec0000 - 0x00007ffd9df66000 	C:\WINDOWS\System32\sechost.dll
0x00007ffd9e0d0000 - 0x00007ffd9e1e8000 	C:\WINDOWS\System32\RPCRT4.dll
0x00007ffd9df70000 - 0x00007ffd9dfe4000 	C:\WINDOWS\System32\WS2_32.dll
0x00007ffd9ccb0000 - 0x00007ffd9cd0e000 	C:\WINDOWS\SYSTEM32\POWRPROF.dll
0x00007ffd92390000 - 0x00007ffd9239b000 	C:\WINDOWS\SYSTEM32\VERSION.dll
0x00007ffd8cc80000 - 0x00007ffd8ccb5000 	C:\WINDOWS\SYSTEM32\WINMM.dll
0x00007ffd9cc90000 - 0x00007ffd9cca4000 	C:\WINDOWS\SYSTEM32\UMPDC.dll
0x00007ffd9bbd0000 - 0x00007ffd9bbeb000 	C:\WINDOWS\SYSTEM32\kernel.appcore.dll
0x00007ffd7ebb0000 - 0x00007ffd7ebba000 	C:\Program Files\Java\jdk-25\bin\jimage.dll
0x00007ffd9a5d0000 - 0x00007ffd9a812000 	C:\WINDOWS\SYSTEM32\DBGHELP.DLL
0x00007ffd9e2f0000 - 0x00007ffd9e675000 	C:\WINDOWS\System32\combase.dll
0x00007ffd9dff0000 - 0x00007ffd9e0c6000 	C:\WINDOWS\System32\OLEAUT32.dll
0x00007ffd7d530000 - 0x00007ffd7d56c000 	C:\WINDOWS\SYSTEM32\dbgcore.DLL
0x00007ffd9d8c0000 - 0x00007ffd9d965000 	C:\WINDOWS\System32\bcryptPrimitives.dll
0x00007ffd9a9c0000 - 0x00007ffd9a9d0000 	C:\Program Files\Java\jdk-25\bin\instrument.dll
0x00007ffd60440000 - 0x00007ffd6045f000 	C:\Program Files\Java\jdk-25\bin\java.dll
0x00007ffd9ece0000 - 0x00007ffd9ee77000 	C:\WINDOWS\System32\ole32.dll
0x00007ffd9f160000 - 0x00007ffd9f8b3000 	C:\WINDOWS\System32\SHELL32.dll
0x00007ffd9d750000 - 0x00007ffd9d8ba000 	C:\WINDOWS\System32\wintypes.dll
0x00007ffd5ccf0000 - 0x00007ffd5cd07000 	C:\Program Files\Java\jdk-25\bin\zip.dll
0x00007ffd9aa10000 - 0x00007ffd9b26e000 	C:\WINDOWS\SYSTEM32\windows.storage.dll
0x00007ffd9e1f0000 - 0x00007ffd9e2e5000 	C:\WINDOWS\System32\SHCORE.dll
0x00007ffd9ebe0000 - 0x00007ffd9ec46000 	C:\WINDOWS\System32\shlwapi.dll
0x00007ffd9cd70000 - 0x00007ffd9cd99000 	C:\WINDOWS\SYSTEM32\profapi.dll
0x00007ffd603e0000 - 0x00007ffd603f2000 	C:\Program Files\Java\jdk-25\bin\net.dll
0x00007ffd9c170000 - 0x00007ffd9c1db000 	C:\WINDOWS\system32\mswsock.dll
0x00007ffd5ece0000 - 0x00007ffd5ecf6000 	C:\Program Files\Java\jdk-25\bin\nio.dll
0x00007ffd7c3a0000 - 0x00007ffd7c3b0000 	C:\Program Files\Java\jdk-25\bin\verify.dll
0x00007ffd5cd80000 - 0x00007ffd5cdc4000 	C:\Users\super\AppData\Roaming\Code\User\globalStorage\redhat.java\1.51.2025121108\config_win\org.eclipse.equinox.launcher\org.eclipse.equinox.launcher.win32.win32.x86_64_1.2.1400.v20250801-0854\eclipse_11916.dll
0x00007ffd9c430000 - 0x00007ffd9c44b000 	C:\WINDOWS\SYSTEM32\CRYPTSP.dll
0x00007ffd9bb30000 - 0x00007ffd9bb6a000 	C:\WINDOWS\system32\rsaenh.dll
0x00007ffd9c220000 - 0x00007ffd9c24b000 	C:\WINDOWS\SYSTEM32\USERENV.dll
0x00007ffd9cd40000 - 0x00007ffd9cd6a000 	C:\WINDOWS\SYSTEM32\bcrypt.dll
0x00007ffd9c450000 - 0x00007ffd9c45c000 	C:\WINDOWS\SYSTEM32\CRYPTBASE.dll
0x00007ffd9b5b0000 - 0x00007ffd9b5e4000 	C:\WINDOWS\SYSTEM32\IPHLPAPI.DLL
0x00007ffd9fbf0000 - 0x00007ffd9fbfa000 	C:\WINDOWS\System32\NSI.dll
0x00007ffd3cab0000 - 0x00007ffd3caf9000 	C:\Users\super\AppData\Local\Temp\jna-109801339\jna9023435639205861843.dll
0x00007ffd9deb0000 - 0x00007ffd9deb8000 	C:\WINDOWS\System32\PSAPI.DLL
0x00007ffd93160000 - 0x00007ffd93288000 	C:\WINDOWS\SYSTEM32\winhttp.dll
0x00007ffd93610000 - 0x00007ffd9362e000 	C:\WINDOWS\SYSTEM32\dhcpcsvc6.DLL
0x00007ffd93290000 - 0x00007ffd932b3000 	C:\WINDOWS\SYSTEM32\dhcpcsvc.DLL
0x00007ffd7ebc0000 - 0x00007ffd7ebce000 	C:\Program Files\Java\jdk-25\bin\sunmscapi.dll
0x00007ffd9cf00000 - 0x00007ffd9d077000 	C:\WINDOWS\System32\CRYPT32.dll
0x00007ffd9c650000 - 0x00007ffd9c680000 	C:\WINDOWS\SYSTEM32\ncrypt.dll
0x00007ffd9c600000 - 0x00007ffd9c63f000 	C:\WINDOWS\SYSTEM32\NTASN1.dll
0x00007ffd9b5f0000 - 0x00007ffd9b71c000 	C:\WINDOWS\SYSTEM32\DNSAPI.dll
0x00007ffd920f0000 - 0x00007ffd920fb000 	C:\Windows\System32\rasadhlp.dll
0x00007ffd93a90000 - 0x00007ffd93b16000 	C:\WINDOWS\System32\fwpuclnt.dll
0x00007ffd7c000000 - 0x00007ffd7c009000 	C:\Program Files\Java\jdk-25\bin\extnet.dll
0x00007ffd9bd00000 - 0x00007ffd9bd36000 	C:\WINDOWS\SYSTEM32\ntmarta.dll

JVMTI agents:
c:\Users\super\.vscode\extensions\redhat.java-1.51.2025121108\lombok\lombok-1.18.39-4050.jar path:C:\Program Files\Java\jdk-25\bin\instrument.dll, loaded, initialized, instrumentlib options:none

dbghelp: loaded successfully - version: 4.0.5 - missing functions: none
symbol engine: initialized successfully - sym options: 0x614 - pdb path: .;C:\Program Files\Java\jdk-25\bin;C:\WINDOWS\SYSTEM32;C:\WINDOWS\WinSxS\amd64_microsoft.windows.common-controls_6595b64144ccf1df_6.0.26100.7309_none_3e05feeae336a044;C:\Program Files\Java\jdk-25\bin\server;C:\Users\super\AppData\Roaming\Code\User\globalStorage\redhat.java\1.51.2025121108\config_win\org.eclipse.equinox.launcher\org.eclipse.equinox.launcher.win32.win32.x86_64_1.2.1400.v20250801-0854;C:\Users\super\AppData\Local\Temp\jna-109801339

VM Arguments:
jvm_args: -Djdk.xml.maxGeneralEntitySizeLimit=0 -Djdk.xml.totalEntitySizeLimit=0 --add-modules=ALL-SYSTEM --add-opens=java.base/java.util=ALL-UNNAMED --add-opens=java.base/java.lang=ALL-UNNAMED --add-opens=java.base/sun.nio.fs=ALL-UNNAMED -Declipse.application=org.eclipse.jdt.ls.core.id1 -Dosgi.bundles.defaultStartLevel=4 -Declipse.product=org.eclipse.jdt.ls.core.product -Djava.import.generatesMetadataFilesAtProjectRoot=false -DDetectVMInstallationsJob.disabled=true -Dfile.encoding=utf8 -XX:+UseParallelGC -XX:GCTimeRatio=4 -XX:AdaptiveSizePolicyWeight=90 -Dsun.zip.disableMemoryMapping=true -Xmx2G -Xms100m -Xlog:disable -javaagent:c:\Users\super\.vscode\extensions\redhat.java-1.51.2025121108\lombok\lombok-1.18.39-4050.jar -XX:+HeapDumpOnOutOfMemoryError -XX:HeapDumpPath=c:\Users\super\AppData\Roaming\Code\User\workspaceStorage\8220830deb191eba0b3659063643a7bc\redhat.java -Daether.dependencyCollector.impl=bf -XX:+UnlockDiagnosticVMOptions -XX:+AllowArchivingWithJavaAgent -XX:+AutoCreateSharedArchive -XX:SharedArchiveFile=c:\Users\super\AppData\Roaming\Code\User\globalStorage\redhat.java\1.51.2025121108\jdtls.jsa 
java_command: c:\Users\super\.vscode\extensions\redhat.java-1.51.2025121108\server\plugins\org.eclipse.equinox.launcher_1.7.100.v20251111-0406.jar -configuration c:\Users\super\AppData\Roaming\Code\User\globalStorage\redhat.java\1.51.2025121108\config_win -data c:\Users\super\AppData\Roaming\Code\User\workspaceStorage\8220830deb191eba0b3659063643a7bc\redhat.java\jdt_ws --pipe=\\.\pipe\lsp-d0eaf669e89dd1eb871b788709b361b7-sock
java_class_path (initial): c:\Users\super\.vscode\extensions\redhat.java-1.51.2025121108\server\plugins\org.eclipse.equinox.launcher_1.7.100.v20251111-0406.jar
Launcher Type: SUN_STANDARD

[Global flags]
     bool AOTInvokeDynamicLinking                  = false                                  {diagnostic} {ergonomic}
     bool AOTRecordTraining                        = false                                  {diagnostic} {ergonomic}
     bool AOTReplayTraining                        = false                                  {diagnostic} {ergonomic}
     uint AdaptiveSizePolicyWeight                 = 90                                        {product} {command line}
     bool AllowArchivingWithJavaAgent              = true                                   {diagnostic} {command line}
    ccstr ArchiveClassesAtExit                     = c:\Users\super\AppData\Roaming\Code\User\globalStorage\redhat.java\1.51.2025121108\jdtls.jsa            {product} {ergonomic}
     bool AutoCreateSharedArchive                  = true                                      {product} {command line}
     intx CICompilerCount                          = 12                                        {product} {ergonomic}
     uint GCTimeRatio                              = 4                                         {product} {command line}
     bool HeapDumpOnOutOfMemoryError               = true                                   {manageable} {command line}
    ccstr HeapDumpPath                             = c:\Users\super\AppData\Roaming\Code\User\workspaceStorage\8220830deb191eba0b3659063643a7bc\redhat.java         {manageable} {command line}
   size_t InitialHeapSize                          = 104857600                                 {product} {command line}
   size_t MaxHeapSize                              = 2147483648                                {product} {command line}
   size_t MaxNewSize                               = 715653120                                 {product} {ergonomic}
   size_t MinHeapDeltaBytes                        = 524288                                    {product} {ergonomic}
   size_t MinHeapSize                              = 104857600                                 {product} {command line}
   size_t NewSize                                  = 34603008                                  {product} {ergonomic}
    uintx NonNMethodCodeHeapSize                   = 7602176                                {pd product} {ergonomic}
    uintx NonProfiledCodeHeapSize                  = 122093568                              {pd product} {ergonomic}
     bool PerfDisableSharedMem                     = true                                      {product} {ergonomic}
    uintx ProfiledCodeHeapSize                     = 121962496                              {pd product} {ergonomic}
    uintx ReservedCodeCacheSize                    = 251658240                              {pd product} {ergonomic}
     bool SegmentedCodeCache                       = true                                      {product} {ergonomic}
    ccstr SharedArchiveFile                        =                                           {product} {command line, ergonomic}
   size_t SoftMaxHeapSize                          = 2147483648                             {manageable} {ergonomic}
     bool UnlockDiagnosticVMOptions                = true                                   {diagnostic} {command line}
     bool UseCompressedOops                        = true                           {product lp64_product} {ergonomic}
     bool UseLargePagesIndividualAllocation        = false                                  {pd product} {ergonomic}
     bool UseParallelGC                            = true                                      {product} {command line}
      int X86ICacheSync                            = 3                                 {ARCH diagnostic} {ergonomic}

Logging:
Log output configuration:
 #0: stdout all=off uptime,level,tags foldmultilines=false
 #1: stderr all=off uptime,level,tags foldmultilines=false

Release file:
IMPLEMENTOR="Oracle Corporation" 
JAVA_RUNTIME_VERSION="25.0.1+8-LTS-27" 
JAVA_VERSION="25.0.1" 
JAVA_VERSION_DATE="2025-10-21" 
LIBC="default" 
MODULES="java.base java.compiler java.datatransfer java.xml java.prefs java.desktop java.instrument java.logging java.management java.security.sasl java.naming java.rmi java.management.rmi java.net.http java.scripting java.security.jgss java.transaction.xa java.sql java.sql.rowset java.xml.crypto java.se java.smartcardio jdk.accessibility jdk.internal.jvmstat jdk.attach jdk.charsets jdk.internal.opt jdk.zipfs jdk.compiler jdk.crypto.cryptoki jdk.crypto.ec jdk.crypto.mscapi jdk.dynalink jdk.internal.ed jdk.editpad jdk.internal.vm.ci jdk.graal.compiler jdk.graal.compiler.management jdk.hotspot.agent jdk.httpserver jdk.incubator.vector jdk.internal.le jdk.internal.md jdk.jartool jdk.javadoc jdk.jcmd jdk.management jdk.management.agent jdk.jconsole jdk.jdeps jdk.jdwp.agent jdk.jdi jdk.jfr jdk.jlink jdk.jpackage jdk.jshell jdk.jsobject jdk.jstatd jdk.localedata jdk.management.jfr jdk.naming.dns jdk.naming.rmi jdk.net jdk.nio.mapmode jdk.sctp jdk.security.auth jdk.security.jgss jdk.unsupported jdk.unsupported.desktop jdk.xml.dom" 
OS_ARCH="x86_64" 
OS_NAME="Windows" 
SOURCE=".:git:862c85bc42b7 open:git:78770bfaefd2" 

Environment Variables:
PATH=C:\Program Files\Common Files\Oracle\Java\javapath;C:\Program Files (x86)\Common Files\Oracle\Java\java8path;C:\Program Files (x86)\Common Files\Oracle\Java\javapath;C:\WINDOWS\system32;C:\WINDOWS;C:\WINDOWS\System32\Wbem;C:\WINDOWS\System32\WindowsPowerShell\v1.0\;C:\WINDOWS\System32\OpenSSH\;C:\Program Files\NVIDIA Corporation\NVIDIA App\NvDLISR;C:\Program Files\Docker\Docker\resources\bin;C:\ProgramData\chocolatey\bin;C:\Program Files (x86)\NVIDIA Corporation\PhysX\Common;%NVM_HOME%;%NVM_SYMLINK%;C:\Program Files\nodejs\;C:\Program Files\PowerShell\7\;C:\Program Files (x86)\Windows Kits\10\Windows Performance Toolkit\;C:\Program Files\dotnet\;C:\Users\super\.cargo\bin;C:\Users\super\scoop\apps\maven\current\bin;C:\Users\super\scoop\shims;C:\Users\super\AppData\Local\Programs\Python\Python313\Scripts\;C:\Users\super\AppData\Local\Programs\Python\Python313\;C:\Users\super\AppData\Local\Microsoft\WindowsApps;C:\Users\super\AppData\Local\Programs\Microsoft VS Code\bin;C:\Users\super\AppData\Local\nvm;C:\nvm4w\nodejs;C:\Users\super\AppData\Roaming\npm;C:\Program Files\JetBrains\IntelliJ IDEA 2025.2.3\bin;C:\Users\super\AppData\Local\Programs\Antigravity\bin
USERNAME=super
OS=Windows_NT
PROCESSOR_IDENTIFIER=Intel64 Family 6 Model 141 Stepping 1, GenuineIntel
TMP=C:\Users\super\AppData\Local\Temp
TEMP=C:\Users\super\AppData\Local\Temp




Compilation memory statistics disabled.

Periodic native trim disabled

---------------  S Y S T E M  ---------------

OS:
 Windows 11 , 64 bit Build 26100 (10.0.26100.7309)
OS uptime: 2 days 3:26 hours
Hyper-V role detected

CPU: total 16 (initial active 16) (8 cores per cpu, 2 threads per core) family 6 model 141 stepping 1 microcode 0x56, cx8, cmov, fxsr, ht, mmx, 3dnowpref, sse, sse2, sse3, ssse3, sse4.1, sse4.2, popcnt, lzcnt, tsc, tscinvbit, avx, avx2, aes, erms, clmul, bmi1, bmi2, adx, avx512f, avx512dq, avx512cd, avx512bw, avx512vl, sha, fma, vzeroupper, avx512_vpopcntdq, avx512_vpclmulqdq, avx512_vaes, avx512_vnni, clflush, clflushopt, clwb, avx512_vbmi2, avx512_vbmi, hv, rdtscp, rdpid, fsrm, gfni, avx512_bitalg, f16c, cet_ibt, cet_ss, avx512_ifma
Processor Information for the first 16 processors :
  Max Mhz: 2304, Current Mhz: 2304, Mhz Limit: 2304

Memory: 4k page, system-wide physical 16178M (4379M free)
TotalPageFile size 31269M (AvailPageFile size 6218M)
current process WorkingSet (physical memory assigned to process): 935M, peak: 1711M
current process commit charge ("private bytes"): 1363M, peak: 1905M

vm_info: Java HotSpot(TM) 64-Bit Server VM (25.0.1+8-LTS-27) for windows-amd64 JRE (25.0.1+8-LTS-27), built on 2025-09-25T16:41:16Z with unknown MS VC++:1943

END.
